2022-02-12 12:35:10 - Starting C:\Program Files\nodejs\node.exe  --harmony D:\desarrollo-de-software-2021\proyectos-de-nodejs-2021\api-rest-node-restaurante-remember\node_modules\node-windows\lib\wrapper.js --file D:\desarrollo-de-software-2021\proyectos-de-nodejs-2021\api-rest-node-restaurante-remember\app.js --scriptoptions= --log "server food wrapper" --grow 0.25 --wait 1 --maxrestarts 3 --abortonerror n --stopparentfirst undefined
2022-02-12 12:35:10 - Started 14672
2022-02-12 22:13:54 - Starting C:\Program Files\nodejs\node.exe  --harmony D:\desarrollo-de-software-2021\proyectos-de-nodejs-2021\api-rest-node-restaurante-remember\node_modules\node-windows\lib\wrapper.js --file D:\desarrollo-de-software-2021\proyectos-de-nodejs-2021\api-rest-node-restaurante-remember\app.js --scriptoptions= --log "server food wrapper" --grow 0.25 --wait 1 --maxrestarts 3 --abortonerror n --stopparentfirst undefined
2022-02-12 22:13:54 - Started 7056
2022-02-13 07:43:42 - Starting C:\Program Files\nodejs\node.exe  --harmony D:\desarrollo-de-software-2021\proyectos-de-nodejs-2021\api-rest-node-restaurante-remember\node_modules\node-windows\lib\wrapper.js --file D:\desarrollo-de-software-2021\proyectos-de-nodejs-2021\api-rest-node-restaurante-remember\app.js --scriptoptions= --log "server food wrapper" --grow 0.25 --wait 1 --maxrestarts 3 --abortonerror n --stopparentfirst undefined
2022-02-13 07:43:42 - Started 7184
2022-02-13 08:44:17 - Stopping serverfood.exe
2022-02-13 08:44:17 - ProcessKill 7184
2022-02-13 08:44:17 - Found child process: 7216 Name: conhost.exe
2022-02-13 08:44:17 - Found child process: 8740 Name: node.exe
2022-02-13 08:44:17 - Stopping process 7216
2022-02-13 08:44:17 - Send SIGINT 7216
2022-02-13 08:44:17 - SIGINT to 7216 failed - Killing as fallback
2022-02-13 08:44:17 - Stopping process 8740
2022-02-13 08:44:17 - Send SIGINT 8740
2022-02-13 08:44:17 - SIGINT to 8740 failed - Killing as fallback
2022-02-13 08:44:17 - Stopping process 7184
2022-02-13 08:44:17 - Send SIGINT 7184
2022-02-13 08:44:17 - SIGINT to 7184 failed - Killing as fallback
2022-02-13 08:44:17 - Finished serverfood.exe
2022-02-13 14:43:35 - Starting C:\Program Files\nodejs\node.exe  --harmony D:\desarrollo-de-software-2021\proyectos-de-nodejs-2021\api-rest-node-restaurante-remember\node_modules\node-windows\lib\wrapper.js --file D:\desarrollo-de-software-2021\proyectos-de-nodejs-2021\api-rest-node-restaurante-remember\app.js --scriptoptions= --log "server food wrapper" --grow 0.25 --wait 1 --maxrestarts 3 --abortonerror n --stopparentfirst undefined
2022-02-13 14:43:35 - Started 2832
